<?xml version="1.0" encoding="UTF-8"?>
<testng-results skipped="0" failed="0" ignored="0" total="1" passed="1">
  <reporter-output>
  </reporter-output>
  <suite name="Default suite" duration-ms="83" started-at="2019-10-13T19:05:34 IST" finished-at="2019-10-13T19:05:34 IST">
    <groups>
    </groups>
    <test name="Default test" duration-ms="83" started-at="2019-10-13T19:05:34 IST" finished-at="2019-10-13T19:05:34 IST">
      <class name="PropertyTest">
        <test-method status="PASS" signature="propertyFileUsage()[pri:0, instance:PropertyTest@31dc339b]" name="propertyFileUsage" duration-ms="19" started-at="2019-10-13T19:05:34 IST" finished-at="2019-10-13T19:05:34 IST">
          <reporter-output>
          </reporter-output>
        </test-method> <!-- propertyFileUsage -->
      </class> <!-- PropertyTest -->
    </test> <!-- Default test -->
  </suite> <!-- Default suite -->
</testng-results>
