<?xml version="1.0" encoding="UTF-8"?>
<testng-results skipped="0" failed="0" ignored="0" total="1" passed="1">
  <reporter-output>
  </reporter-output>
  <suite name="Default suite" duration-ms="10053" started-at="2020-10-12T12:41:15 IST" finished-at="2020-10-12T12:41:25 IST">
    <groups>
    </groups>
    <test name="Default test" duration-ms="10053" started-at="2020-10-12T12:41:15 IST" finished-at="2020-10-12T12:41:25 IST">
      <class name="ExtentReport.ExtentReporting.ExtentReportExample">
        <test-method status="PASS" signature="config()[pri:0, instance:ExtentReport.ExtentReporting.ExtentReportExample@6e0e048a]" name="config" is-config="true" duration-ms="302" started-at="2020-10-12T12:41:15 IST" finished-at="2020-10-12T12:41:15 IST">
          <reporter-output>
          </reporter-output>
        </test-method> <!-- config -->
        <test-method status="PASS" signature="initialDemo()[pri:0, instance:ExtentReport.ExtentReporting.ExtentReportExample@6e0e048a]" name="initialDemo" duration-ms="9717" started-at="2020-10-12T12:41:15 IST" finished-at="2020-10-12T12:41:25 IST">
          <reporter-output>
          </reporter-output>
        </test-method> <!-- initialDemo -->
      </class> <!-- ExtentReport.ExtentReporting.ExtentReportExample -->
    </test> <!-- Default test -->
  </suite> <!-- Default suite -->
</testng-results>
